{
  "RSpec": {
    "coverage": {
      "/Users/tfielder/turing/3module/projects/sweater_weather/app/helpers/application_helper.rb": [
        1,
        null
      ],
      "/Users/tfielder/turing/3module/projects/sweater_weather/app/controllers/api/v1/forecast_controller.rb": [
        1,
        1,
        3,
        3,
        null,
        null
      ],
      "/Users/tfielder/turing/3module/projects/sweater_weather/app/controllers/application_controller.rb": [
        1,
        null
      ],
      "/Users/tfielder/turing/3module/projects/sweater_weather/app/services/location_search.rb": [
        1,
        1,
        5,
        5,
        null,
        null,
        1,
        3,
        null,
        null,
        1,
        1,
        8,
        8,
        null,
        null,
        8,
        null,
        null,
        null,
        1,
        5,
        5,
        5,
        null,
        null,
        1,
        3,
        3,
        null,
        null
      ],
      "/Users/tfielder/turing/3module/projects/sweater_weather/app/channels/application_cable/channel.rb": [
        0,
        0,
        0,
        0
      ],
      "/Users/tfielder/turing/3module/projects/sweater_weather/app/channels/application_cable/connection.rb": [
        0,
        0,
        0,
        0
      ],
      "/Users/tfielder/turing/3module/projects/sweater_weather/app/jobs/application_job.rb": [
        0,
        0
      ],
      "/Users/tfielder/turing/3module/projects/sweater_weather/app/mailers/application_mailer.rb": [
        0,
        0,
        0,
        0
      ],
      "/Users/tfielder/turing/3module/projects/sweater_weather/app/models/application_record.rb": [
        0,
        0,
        0
      ]
    },
    "timestamp": 1541461833
  }
}
